<?xml version="1.0" encoding="UTF-8"?>
<!-- Generated by org.testng.reporters.JUnitXMLReporter -->
<testsuite ignored="0" hostname="LAPTOP-8FOS0GGA" failures="0" tests="3" name="Default test" time="28.537" errors="0" timestamp="2024-05-22T12:27:39 GMT-04:00">
  <testcase classname="testcase.MySecondTestFW" name="AddressLine1" time="9.059"/>
  <testcase classname="testcase.MySecondTestFW" name="selectDropDown" time="0.743"/>
  <testcase classname="testcase.MySecondTestFW" name="txtBoxSize" time="11.007"/>
</testsuite> <!-- Default test -->
