<?xml version="1.0" encoding="UTF-8"?>
<testng-results ignored="0" total="3" passed="3" failed="0" skipped="0">
  <reporter-output>
  </reporter-output>
  <suite started-at="2024-05-22T12:27:11 GMT-04:00" name="Default suite" finished-at="2024-05-22T12:27:39 GMT-04:00" duration-ms="28537">
    <groups>
    </groups>
    <test started-at="2024-05-22T12:27:11 GMT-04:00" name="Default test" finished-at="2024-05-22T12:27:39 GMT-04:00" duration-ms="28537">
      <class name="testcase.MySecondTestFW">
        <test-method is-config="true" signature="setup()[pri:0, instance:testcase.MySecondTestFW@515c6049]" started-at="2024-05-22T12:27:11 GMT-04:00" name="setup" finished-at="2024-05-22T12:27:13 GMT-04:00" duration-ms="2079" status="PASS">
          <reporter-output>
          </reporter-output>
        </test-method> <!-- setup -->
        <test-method signature="AddressLine1()[pri:0, instance:testcase.MySecondTestFW@515c6049]" started-at="2024-05-22T12:27:13 GMT-04:00" name="AddressLine1" finished-at="2024-05-22T12:27:22 GMT-04:00" duration-ms="9059" status="PASS">
          <reporter-output>
          </reporter-output>
        </test-method> <!-- AddressLine1 -->
        <test-method is-config="true" signature="tearDown()[pri:0, instance:testcase.MySecondTestFW@515c6049]" started-at="2024-05-22T12:27:22 GMT-04:00" name="tearDown" finished-at="2024-05-22T12:27:22 GMT-04:00" duration-ms="149" status="PASS">
          <reporter-output>
          </reporter-output>
        </test-method> <!-- tearDown -->
        <test-method is-config="true" signature="setup()[pri:0, instance:testcase.MySecondTestFW@515c6049]" started-at="2024-05-22T12:27:22 GMT-04:00" name="setup" finished-at="2024-05-22T12:27:25 GMT-04:00" duration-ms="2478" status="PASS">
          <reporter-output>
          </reporter-output>
        </test-method> <!-- setup -->
        <test-method signature="selectDropDown()[pri:0, instance:testcase.MySecondTestFW@515c6049]" started-at="2024-05-22T12:27:25 GMT-04:00" name="selectDropDown" finished-at="2024-05-22T12:27:25 GMT-04:00" duration-ms="743" status="PASS">
          <reporter-output>
          </reporter-output>
        </test-method> <!-- selectDropDown -->
        <test-method is-config="true" signature="tearDown()[pri:0, instance:testcase.MySecondTestFW@515c6049]" started-at="2024-05-22T12:27:25 GMT-04:00" name="tearDown" finished-at="2024-05-22T12:27:26 GMT-04:00" duration-ms="239" status="PASS">
          <reporter-output>
          </reporter-output>
        </test-method> <!-- tearDown -->
        <test-method is-config="true" signature="setup()[pri:0, instance:testcase.MySecondTestFW@515c6049]" started-at="2024-05-22T12:27:26 GMT-04:00" name="setup" finished-at="2024-05-22T12:27:28 GMT-04:00" duration-ms="2396" status="PASS">
          <reporter-output>
          </reporter-output>
        </test-method> <!-- setup -->
        <test-method signature="txtBoxSize()[pri:0, instance:testcase.MySecondTestFW@515c6049]" started-at="2024-05-22T12:27:28 GMT-04:00" name="txtBoxSize" finished-at="2024-05-22T12:27:39 GMT-04:00" duration-ms="11007" status="PASS">
          <reporter-output>
          </reporter-output>
        </test-method> <!-- txtBoxSize -->
        <test-method is-config="true" signature="tearDown()[pri:0, instance:testcase.MySecondTestFW@515c6049]" started-at="2024-05-22T12:27:39 GMT-04:00" name="tearDown" finished-at="2024-05-22T12:27:39 GMT-04:00" duration-ms="319" status="PASS">
          <reporter-output>
          </reporter-output>
        </test-method> <!-- tearDown -->
      </class> <!-- testcase.MySecondTestFW -->
    </test> <!-- Default test -->
  </suite> <!-- Default suite -->
</testng-results>
